2023/05/28 18:38:13 にビルドを開始しました。
     1>ノード 2 上のプロジェクト "D:\My Documents\Visual Studio 2013\Projects\AutoMouse\AutoMouse\AutoMouse.vcxproj" (Build ターゲット)。
     1>ClCompile:
         C:\Program Files (x86)\Microsoft Visual Studio 12.0\VC\bin\CL.exe /c /I.\ /I..\xml_lib /I.\com /ZI /nologo /W3 /WX- /sdl- /Od /Oy- /D WIN32 /D _WINDOWS /D _DEBUG /D USE_MFC /D _UNICODE /D UNICODE /D _AFXDLL /Gm /EHsc /RTC1 /MDd /GS /fp:precise /Zc:wchar_t /Zc:forScope /Yu"stdafx.h" /Fp"Debug\AutoMouse.pch" /Fo"Debug\\" /Fd"Debug\vc120.pdb" /Gd /TP /analyze- /errorReport:prompt AutoMouseDlg.cpp Digitize.cpp com\GnrlComList.cpp global.cpp operation_Thread.cpp
         GnrlComList.cpp
         コードを生成中...
         コンパイル中...
         operation_Thread.cpp
         global.cpp
         Digitize.cpp
         AutoMouseDlg.cpp
     1>d:\my documents\visual studio 2013\projects\automouse\automouse\automousedlg.cpp(297): warning C4101: 'comno' : ローカル変数は 1 度も使われていません。
     1>d:\my documents\visual studio 2013\projects\automouse\automouse\automousedlg.cpp(572): warning C4101: 'ack' : ローカル変数は 1 度も使われていません。
     1>d:\my documents\visual studio 2013\projects\automouse\automouse\automousedlg.cpp(668): warning C4101: 's_tm' : ローカル変数は 1 度も使われていません。
     1>d:\my documents\visual studio 2013\projects\automouse\automouse\automousedlg.cpp(685): warning C4101: 's_tm' : ローカル変数は 1 度も使われていません。
         コードを生成中...
       Link:
         C:\Program Files (x86)\Microsoft Visual Studio 12.0\VC\bin\link.exe /ERRORREPORT:PROMPT /OUT:"D:\My Documents\Visual Studio 2013\Projects\AutoMouse\Debug\AutoMouse.exe" /INCREMENTAL /NOLOGO setupapi.lib ..\Debug\xml_lib.lib /MANIFEST /MANIFESTUAC:"level='asInvoker' uiAccess='false'" /manifest:embed /manifestinput:"C:\Program Files (x86)\Microsoft Visual Studio 12.0\VC\Include\Manifest\dpiaware.manifest" /DEBUG /PDB:"D:\My Documents\Visual Studio 2013\Projects\AutoMouse\Debug\AutoMouse.pdb" /SUBSYSTEM:WINDOWS /TLBID:1 /ENTRY:"wWinMainCRTStartup" /DYNAMICBASE /NXCOMPAT /IMPLIB:"D:\My Documents\Visual Studio 2013\Projects\AutoMouse\Debug\AutoMouse.lib" /MACHINE:X86 Debug\AutoMouse.res
         Debug\AutoMouse.obj
         Debug\AutoMouseDlg.obj
         Debug\GnrlCom.obj
         Debug\GnrlComList.obj
         Debug\Digitize.obj
         Debug\global.obj
         Debug\GnrlFilePath.obj
         Debug\GnrlString.obj
         Debug\GnrlThread.obj
         Debug\GnrlNumerical.obj
         Debug\operation_Thread.obj
         Debug\SetParam.obj
         Debug\WorkBase.obj
         Debug\WorkTouch.obj
         Debug\WorkTouchs.obj
         Debug\ShowMousePoint.obj
         Debug\stdafx.obj
         Debug\sub.obj
         Debug\WorkWait.obj
         AutoMouse.vcxproj -> D:\My Documents\Visual Studio 2013\Projects\AutoMouse\Debug\AutoMouse.exe
     1>プロジェクト "D:\My Documents\Visual Studio 2013\Projects\AutoMouse\AutoMouse\AutoMouse.vcxproj" (Build ターゲット) のビルドが完了しました。

ビルドに成功しました。

経過時間 00:00:01.06
