d:\my documents\visual studio 2013\projects\automouse\automouse\debug\automouse.pch
d:\my documents\visual studio 2013\projects\automouse\automouse\debug\vc120.pdb
d:\my documents\visual studio 2013\projects\automouse\automouse\debug\vc120.idb
d:\my documents\visual studio 2013\projects\automouse\automouse\debug\stdafx.obj
d:\my documents\visual studio 2013\projects\automouse\automouse\debug\automouse.obj
d:\my documents\visual studio 2013\projects\automouse\automouse\debug\automousedlg.obj
d:\my documents\visual studio 2013\projects\automouse\automouse\debug\global.obj
d:\my documents\visual studio 2013\projects\automouse\automouse\debug\gnrlcomlist.obj
d:\my documents\visual studio 2013\projects\automouse\automouse\debug\gnrlfilepath.obj
d:\my documents\visual studio 2013\projects\automouse\automouse\debug\gnrlstring.obj
d:\my documents\visual studio 2013\projects\automouse\automouse\debug\gnrlthread.obj
d:\my documents\visual studio 2013\projects\automouse\automouse\debug\gnrlnumerical.obj
d:\my documents\visual studio 2013\projects\automouse\automouse\debug\worktouch.obj
d:\my documents\visual studio 2013\projects\automouse\automouse\debug\worktouchs.obj
d:\my documents\visual studio 2013\projects\automouse\automouse\debug\showmousepoint.obj
d:\my documents\visual studio 2013\projects\automouse\automouse\debug\workwait.obj
d:\my documents\visual studio 2013\projects\automouse\automouse\debug\sub.obj
d:\my documents\visual studio 2013\projects\automouse\automouse\debug\digitize.obj
d:\my documents\visual studio 2013\projects\automouse\automouse\debug\workbase.obj
d:\my documents\visual studio 2013\projects\automouse\automouse\debug\operation_thread.obj
d:\my documents\visual studio 2013\projects\automouse\automouse\debug\setparam.obj
d:\my documents\visual studio 2013\projects\automouse\automouse\debug\gnrlcom.obj
d:\my documents\visual studio 2013\projects\automouse\automouse\debug\automouse.res
d:\my documents\visual studio 2013\projects\automouse\debug\automouse.pdb
d:\my documents\visual studio 2013\projects\automouse\automouse\debug\automouse.tlog\cl.command.1.tlog
d:\my documents\visual studio 2013\projects\automouse\automouse\debug\automouse.tlog\cl.read.1.tlog
d:\my documents\visual studio 2013\projects\automouse\automouse\debug\automouse.tlog\cl.write.1.tlog
d:\my documents\visual studio 2013\projects\automouse\automouse\debug\automouse.tlog\link.20160-cvtres.read.1.tlog
d:\my documents\visual studio 2013\projects\automouse\automouse\debug\automouse.tlog\link.20160-cvtres.write.1.tlog
d:\my documents\visual studio 2013\projects\automouse\automouse\debug\automouse.tlog\link.20160-mt.read.1.tlog
d:\my documents\visual studio 2013\projects\automouse\automouse\debug\automouse.tlog\link.20160-mt.write.1.tlog
d:\my documents\visual studio 2013\projects\automouse\automouse\debug\automouse.tlog\link.20160-rc.read.1.tlog
d:\my documents\visual studio 2013\projects\automouse\automouse\debug\automouse.tlog\link.20160-rc.write.1.tlog
d:\my documents\visual studio 2013\projects\automouse\automouse\debug\automouse.tlog\link.20160.read.1.tlog
d:\my documents\visual studio 2013\projects\automouse\automouse\debug\automouse.tlog\link.20160.write.1.tlog
d:\my documents\visual studio 2013\projects\automouse\automouse\debug\automouse.tlog\link.command.1.tlog
d:\my documents\visual studio 2013\projects\automouse\automouse\debug\automouse.tlog\link.read.1.tlog
d:\my documents\visual studio 2013\projects\automouse\automouse\debug\automouse.tlog\link.write.1.tlog
d:\my documents\visual studio 2013\projects\automouse\automouse\debug\automouse.tlog\rc.command.1.tlog
d:\my documents\visual studio 2013\projects\automouse\automouse\debug\automouse.tlog\rc.read.1.tlog
d:\my documents\visual studio 2013\projects\automouse\automouse\debug\automouse.tlog\rc.write.1.tlog
